
2024-06-26T00:49:41.627Z [livraria-online] error: Erro: GET undefined - Autor is not defined
2024-06-26T00:52:14.319Z [livraria-online] info: API Started!
2024-06-26T00:52:14.630Z [livraria-online] info: Conexão realizada com sucesso!.
2024-06-26T00:53:13.370Z [livraria-online] info: API Started!
2024-06-26T00:53:13.558Z [livraria-online] info: Conexão realizada com sucesso!.
2024-06-26T00:53:17.671Z [livraria-online] info: GET /venda
2024-06-26T00:53:22.447Z [livraria-online] info: GET /venda
2024-06-26T00:53:24.732Z [livraria-online] info: POST / venda - undefined
2024-06-26T00:53:39.013Z [livraria-online] info: API Started!
2024-06-26T00:53:39.207Z [livraria-online] info: Conexão realizada com sucesso!.
2024-06-26T00:53:48.940Z [livraria-online] info: POST / venda - undefined
2024-06-26T00:54:18.741Z [livraria-online] info: API Started!
2024-06-26T00:54:18.922Z [livraria-online] info: Conexão realizada com sucesso!.
2024-06-26T00:54:20.915Z [livraria-online] info: POST / venda - undefined
2024-06-26T00:57:22.914Z [livraria-online] info: API Started!
2024-06-26T00:57:23.094Z [livraria-online] info: Conexão realizada com sucesso!.
2024-06-26T00:57:31.171Z [livraria-online] info: API Started!
2024-06-26T00:57:31.444Z [livraria-online] info: Conexão realizada com sucesso!.
2024-06-26T00:57:51.247Z [livraria-online] info: POST / venda - undefined
2024-06-26T00:58:03.132Z [livraria-online] info: GET /venda
2024-06-26T01:00:01.760Z [livraria-online] info: API Started!
2024-06-26T01:00:01.994Z [livraria-online] info: Conexão realizada com sucesso!.
2024-06-26T01:00:08.389Z [livraria-online] info: GET /venda
2024-06-26T01:00:18.395Z [livraria-online] info: POST / venda - undefined
2024-06-26T01:00:21.016Z [livraria-online] info: GET /venda
2024-06-26T01:02:10.998Z [livraria-online] info: API Started!
2024-06-26T01:02:11.207Z [livraria-online] info: Conexão realizada com sucesso!.
2024-06-26T01:02:24.763Z [livraria-online] info: API Started!
2024-06-26T01:02:24.943Z [livraria-online] info: Conexão realizada com sucesso!.
2024-06-26T01:02:30.953Z [livraria-online] info: GET /venda
2024-06-26T01:02:42.812Z [livraria-online] info: GET /venda
2024-06-26T01:02:54.888Z [livraria-online] info: GET /client
2024-06-26T01:02:58.158Z [livraria-online] info: POST / cliente - undefined
2024-06-26T01:03:02.514Z [livraria-online] info: GET /venda
2024-06-26T01:04:02.892Z [livraria-online] info: API Started!
2024-06-26T01:04:03.139Z [livraria-online] info: Conexão realizada com sucesso!.
